Thu Apr 13 14:23:31 PDT 2017
Reader started
job1 : Processing D=/global/homes/w/wma/correlation/data_south/4001_data_south.xyzw and D=/global/homes/w/wma/correlation/random_south/4001_random_south.xyzw to /global/homes/w/wma/correlation/calculation/result/result_south_1-{norm,DD,DR,RR}.dat .....
job1 : Data read in.....
job1 : Data shuffled....
job1 : Elapsed time after collecting data (in sec): 0
job1 : Elapsed time after building trees (in sec): 0
job1 : Elapsed time after DD (in sec): 1
job1 : Elapsed time after DR (in sec): 1
job1 : Elapsed time after RR (in sec): 1
job2 : Processing D=/global/homes/w/wma/correlation/data_south/4002_data_south.xyzw and D=/global/homes/w/wma/correlation/random_south/4002_random_south.xyzw to /global/homes/w/wma/correlation/calculation/result/result_south_2-{norm,DD,DR,RR}.dat .....
job2 : Data read in.....
job2 : Data shuffled....
job2 : Elapsed time after collecting data (in sec): 0
job2 : Elapsed time after building trees (in sec): 0
job2 : Elapsed time after DD (in sec): 0
job2 : Elapsed time after DR (in sec): 1
job2 : Elapsed time after RR (in sec): 1
job3 : Processing D=/global/homes/w/wma/correlation/data_south/4003_data_south.xyzw and D=/global/homes/w/wma/correlation/random_south/4003_random_south.xyzw to /global/homes/w/wma/correlation/calculation/result/result_south_3-{norm,DD,DR,RR}.dat .....
job3 : Data read in.....
job3 : Data shuffled....
job3 : Elapsed time after collecting data (in sec): 0
job3 : Elapsed time after building trees (in sec): 0
job3 : Elapsed time after DD (in sec): 0
job3 : Elapsed time after DR (in sec): 1
job3 : Elapsed time after RR (in sec): 1
job4 : Processing D=/global/homes/w/wma/correlation/data_south/4004_data_south.xyzw and D=/global/homes/w/wma/correlation/random_south/4004_random_south.xyzw to /global/homes/w/wma/correlation/calculation/result/result_south_4-{norm,DD,DR,RR}.dat .....
job4 : Data read in.....
job4 : Data shuffled....
job4 : Elapsed time after collecting data (in sec): 0
job4 : Elapsed time after building trees (in sec): 0
job4 : Elapsed time after DD (in sec): 0
job4 : Elapsed time after DR (in sec): 1
job4 : Elapsed time after RR (in sec): 1
job5 : Processing D=/global/homes/w/wma/correlation/data_south/4005_data_south.xyzw and D=/global/homes/w/wma/correlation/random_south/4005_random_south.xyzw to /global/homes/w/wma/correlation/calculation/result/result_south_5-{norm,DD,DR,RR}.dat .....
job5 : Data read in.....
job5 : Data shuffled....
job5 : Elapsed time after collecting data (in sec): 0
job5 : Elapsed time after building trees (in sec): 0
job5 : Elapsed time after DD (in sec): 0
job5 : Elapsed time after DR (in sec): 1
job5 : Elapsed time after RR (in sec): 1
Thu Apr 13 14:23:44 PDT 2017
